<?xml version="1.0" encoding="UTF-8"?>
<!-- Generated by org.testng.reporters.JUnitReportReporter -->
<testsuite hostname="LTIN252453" failures="0" tests="1" name="testCases.TC_3_26_LoanTenureCalculator_ValidatingLoanAmountSlider" time="2.317" errors="0" timestamp="2024-03-25T19:20:00 IST" skipped="0">
  <testcase classname="testCases.TC_3_26_LoanTenureCalculator_ValidatingLoanAmountSlider" name="validateLoanAmountSlider" time="2.317"/>
</testsuite> <!-- testCases.TC_3_26_LoanTenureCalculator_ValidatingLoanAmountSlider -->
