<?xml version="1.0" encoding="UTF-8"?>
<!-- Generated by org.testng.reporters.JUnitReportReporter -->
<testsuite hostname="LTIN252453" failures="0" tests="1" name="testCases.TestCase_03_11_EMICalculator_ValidatingFeesAndChargesSlider" time="1.372" errors="0" timestamp="2024-03-27T11:02:25 IST" skipped="0">
  <testcase classname="testCases.TestCase_03_11_EMICalculator_ValidatingFeesAndChargesSlider" name="validateFeesAndChargesSlider" time="1.372"/>
</testsuite> <!-- testCases.TestCase_03_11_EMICalculator_ValidatingFeesAndChargesSlider -->
