<?xml version="1.0" encoding="UTF-8"?>
<!-- Generated by org.testng.reporters.JUnitReportReporter -->
<testsuite hostname="LTIN252453" failures="0" tests="1" name="testCases.TC_3_37_IntegrationTestingForYearAndMonthOption" time="3.850" errors="0" timestamp="2024-03-26T16:55:53 IST" skipped="0">
  <testcase classname="testCases.TC_3_37_IntegrationTestingForYearAndMonthOption" name="validatingDataFlowBetweenYearAndMonthButton" time="3.850"/>
</testsuite> <!-- testCases.TC_3_37_IntegrationTestingForYearAndMonthOption -->
