<?xml version="1.0" encoding="UTF-8"?>
<!-- Generated by org.testng.reporters.JUnitReportReporter -->
<testsuite hostname="LTIN252453" failures="0" tests="1" name="testCases.TC_3_17_LoanAmtCalculator_ValidatingInterestRateSlider" time="1.450" errors="0" timestamp="2024-03-25T12:35:15 IST" skipped="0">
  <testcase classname="testCases.TC_3_17_LoanAmtCalculator_ValidatingInterestRateSlider" name="validatingDataFlowBetweenInterestRateSliderAndTextBox" time="1.450"/>
</testsuite> <!-- testCases.TC_3_17_LoanAmtCalculator_ValidatingInterestRateSlider -->
