<?xml version="1.0" encoding="UTF-8"?>
<!-- Generated by org.testng.reporters.JUnitReportReporter -->
<testsuite hostname="LTIN252453" failures="0" tests="1" name="testCases.TestCase_03_38_LoanAmtCalculator_ValidationForYearAndMonthOption" time="2.401" errors="0" timestamp="2024-03-27T11:02:26 IST" skipped="0">
  <testcase classname="testCases.TestCase_03_38_LoanAmtCalculator_ValidationForYearAndMonthOption" name="validatingDataFlowBetweenYearAndMonthButton" time="2.401"/>
</testsuite> <!-- testCases.TestCase_03_38_LoanAmtCalculator_ValidationForYearAndMonthOption -->
