<?xml version="1.0" encoding="UTF-8"?>
<!-- Generated by org.testng.reporters.JUnitReportReporter -->
<testsuite hostname="LTIN252453" failures="0" tests="1" name="testCases.TC_3_21_LoanAmtCalculator_IntegressionTestingForLoanTenureTextBoxAndSlider" time="3.824" errors="0" timestamp="2024-03-25T19:20:00 IST" skipped="0">
  <testcase classname="testCases.TC_3_21_LoanAmtCalculator_IntegressionTestingForLoanTenureTextBoxAndSlider" name="validatingDataFlowBetweenLoanTenureSliderAndTextBox" time="3.824"/>
</testsuite> <!-- testCases.TC_3_21_LoanAmtCalculator_IntegressionTestingForLoanTenureTextBoxAndSlider -->
