<?xml version="1.0" encoding="UTF-8"?>
<!-- Generated by org.testng.reporters.JUnitReportReporter -->
<testsuite hostname="LTIN373324" failures="0" tests="1" name="testCases.TC_3_33_LoanAmtCalculator_IntegressionTestingForInterestRateTextBoxAndSlider" time="1.850" errors="0" timestamp="2024-03-19T20:01:23 IST" skipped="0">
  <testcase classname="testCases.TC_3_33_LoanAmtCalculator_IntegressionTestingForInterestRateTextBoxAndSlider" name="validateDataFlowBetweenInterestRateSliderAndTextBox" time="1.850"/>
</testsuite> <!-- testCases.TC_3_33_LoanAmtCalculator_IntegressionTestingForInterestRateTextBoxAndSlider -->
