<?xml version="1.0" encoding="UTF-8"?>
<!-- Generated by org.testng.reporters.JUnitReportReporter -->
<testsuite hostname="LTIN252453" failures="0" tests="1" name="testCases.TC_3_19_LoanAmtCalculator_ValidatingLoanTenureTextBox" time="2.070" errors="0" timestamp="2024-03-25T19:20:00 IST" skipped="0">
  <testcase classname="testCases.TC_3_19_LoanAmtCalculator_ValidatingLoanTenureTextBox" name="validateLoanTenureTextBox" time="2.070"/>
</testsuite> <!-- testCases.TC_3_19_LoanAmtCalculator_ValidatingLoanTenureTextBox -->
