<?xml version="1.0" encoding="UTF-8"?>
<!-- Generated by org.testng.reporters.JUnitReportReporter -->
<testsuite hostname="LTIN252453" failures="0" tests="1" name="testCases.TC_3_05_EMICalculator_ValidatingInterestRateSlider" time="2.541" errors="0" timestamp="2024-03-24T22:42:18 IST" skipped="0">
  <testcase classname="testCases.TC_3_05_EMICalculator_ValidatingInterestRateSlider" name="validateInterestRateSlider" time="2.541"/>
</testsuite> <!-- testCases.TC_3_05_EMICalculator_ValidatingInterestRateSlider -->
