<?xml version="1.0" encoding="UTF-8"?>
<!-- Generated by org.testng.reporters.JUnitReportReporter -->
<testsuite hostname="LTIN252453" failures="0" tests="1" name="testCases.TestCase_03_33_LoanTenureCalculator_ScaleChangeForInterestRateTextBoxAndSlider" time="3.812" errors="0" timestamp="2024-03-27T11:02:26 IST" skipped="0">
  <testcase classname="testCases.TestCase_03_33_LoanTenureCalculator_ScaleChangeForInterestRateTextBoxAndSlider" name="validateDataFlowBetweenInterestRateSliderAndTextBox" time="3.812"/>
</testsuite> <!-- testCases.TestCase_03_33_LoanTenureCalculator_ScaleChangeForInterestRateTextBoxAndSlider -->
