<?xml version="1.0" encoding="UTF-8"?>
<!-- Generated by org.testng.reporters.JUnitReportReporter -->
<testsuite hostname="LTIN252453" failures="0" tests="1" name="testCases.TC_3_12_EMICalculator_IntegressionTestingForFeesAndChargesTextBoxAndSlider" time="8.103" errors="0" timestamp="2024-03-24T22:42:17 IST" skipped="0">
  <testcase classname="testCases.TC_3_12_EMICalculator_IntegressionTestingForFeesAndChargesTextBoxAndSlider" name="validatingDataFlowBetweenFeesAndChargesSliderAndTextBox" time="8.103"/>
</testsuite> <!-- testCases.TC_3_12_EMICalculator_IntegressionTestingForFeesAndChargesTextBoxAndSlider -->
