<?xml version="1.0" encoding="UTF-8"?>
<!-- Generated by org.testng.reporters.JUnitReportReporter -->
<testsuite hostname="LTIN373324" failures="0" tests="1" name="testCases.TC_3_33_LoanAmtCalculator_ValidatingFeesAndChargesTextBox2" time="0.519" errors="0" timestamp="2024-03-19T18:05:33 IST" skipped="0">
  <testcase classname="testCases.TC_3_33_LoanAmtCalculator_ValidatingFeesAndChargesTextBox2" name="validateFeesAndChargesTextBox" time="0.519"/>
</testsuite> <!-- testCases.TC_3_33_LoanAmtCalculator_ValidatingFeesAndChargesTextBox2 -->
