<?xml version="1.0" encoding="UTF-8"?>
<!-- Generated by org.testng.reporters.JUnitReportReporter -->
<testsuite hostname="LTIN252453" failures="0" tests="1" name="testCases.TC_3_01_EMICalculator_ValidatingLoanAmountTextBox" time="2.515" errors="0" timestamp="2024-03-24T18:42:53 IST" skipped="0">
  <testcase classname="testCases.TC_3_01_EMICalculator_ValidatingLoanAmountTextBox" name="validateLoanAmountTextBox" time="2.515"/>
</testsuite> <!-- testCases.TC_3_01_EMICalculator_ValidatingLoanAmountTextBox -->
