<?xml version="1.0" encoding="UTF-8"?>
<!-- Generated by org.testng.reporters.JUnitReportReporter -->
<testsuite hostname="LTIN252453" failures="0" tests="1" name="testCases.TC_3_18_LoanAmtCalculator_IntegressionTestingForInterestRateTextBoxAndSlider" time="2.740" errors="0" timestamp="2024-03-25T12:35:15 IST" skipped="0">
  <testcase classname="testCases.TC_3_18_LoanAmtCalculator_IntegressionTestingForInterestRateTextBoxAndSlider" name="validatingDataFlowBetweenInterestRateSliderAndTextBox" time="2.740"/>
</testsuite> <!-- testCases.TC_3_18_LoanAmtCalculator_IntegressionTestingForInterestRateTextBoxAndSlider -->
