<?xml version="1.0" encoding="UTF-8"?>
<!-- Generated by org.testng.reporters.JUnitReportReporter -->
<testsuite hostname="LTIN252453" failures="0" tests="1" name="testCases.TC_1_01_ParsingRequiredValuesToTheRespectiveFields" time="11.521" errors="0" timestamp="2024-03-24T18:10:43 IST" skipped="0">
  <testcase classname="testCases.TC_1_01_ParsingRequiredValuesToTheRespectiveFields" name="parseDatas" time="11.521"/>
</testsuite> <!-- testCases.TC_1_01_ParsingRequiredValuesToTheRespectiveFields -->
