<?xml version="1.0" encoding="UTF-8"?>
<!-- Generated by org.testng.reporters.JUnitReportReporter -->
<testsuite hostname="LTIN252453" failures="0" tests="1" name="testCases.TC_3_11_EMICalculator_ValidatingFeesAndChargesSlider" time="2.371" errors="0" timestamp="2024-03-24T22:42:17 IST" skipped="0">
  <testcase classname="testCases.TC_3_11_EMICalculator_ValidatingFeesAndChargesSlider" name="validateFeesAndChargesSlider" time="2.371"/>
</testsuite> <!-- testCases.TC_3_11_EMICalculator_ValidatingFeesAndChargesSlider -->
