<?xml version="1.0" encoding="UTF-8"?>
<!-- Generated by org.testng.reporters.JUnitReportReporter -->
<testsuite hostname="LTIN252453" failures="0" tests="1" name="testCases.TC_3_13_LoanAmtCalculator_ValidatingEMITextBox" time="6.359" errors="0" timestamp="2024-03-24T22:42:18 IST" skipped="0">
  <testcase classname="testCases.TC_3_13_LoanAmtCalculator_ValidatingEMITextBox" name="validatingValidatingEMITextBox" time="6.359"/>
</testsuite> <!-- testCases.TC_3_13_LoanAmtCalculator_ValidatingEMITextBox -->
